MSG:[16:58:35 3.6.2024] 
MSG:[16:58:35 3.6.2024] Started at 2024-Jun-03 19:58:35 universal time
MSG:[16:58:35 3.6.2024] Host(egeon-login1.cptec.inpe.br)  Port(8146) using TCP/IP v4
MSG:[16:58:35 3.6.2024] ECF_HOME /mnt/beegfs/monan/i522-MONAN-WorkFlow/MONAN-WorkFlow/ecflow/eclogs
MSG:[16:58:35 3.6.2024] Job scheduling interval: 60
MSG:[16:58:35 3.6.2024] Server initial state is HALTED
MSG:[16:58:46 3.6.2024] --news=0 1093 44 :monan@egeon-login1.cptec.inpe.br [server(1,0) : client no > server no ! :DO_FULL_SYNC]
MSG:[16:58:46 3.6.2024] --sync_full=0 :monan@egeon-login1.cptec.inpe.br
MSG:[16:58:49 3.6.2024] --news=0 1 0 :monan@egeon-login1.cptec.inpe.br [:NO_NEWS]
MSG:[16:58:51 3.6.2024] --stats :monan@egeon-login1.cptec.inpe.br
MSG:[16:59:06 3.6.2024] --load=MONAN.def :monan@egeon-login1.cptec.inpe.br
MSG:[16:59:06 3.6.2024] --begin=MONAN :monan@egeon-login1.cptec.inpe.br
LOG:[16:59:06 3.6.2024]  queued: /MONAN
LOG:[16:59:06 3.6.2024]  queued: /MONAN/MONAN_CDCT
LOG:[16:59:06 3.6.2024]  queued: /MONAN/MONAN_CDCT/Products
LOG:[16:59:06 3.6.2024]  queued: /MONAN/MONAN_CDCT/Manut
LOG:[16:59:06 3.6.2024]  queued: /
MSG:[16:59:10 3.6.2024] --news=0 1 0 :monan@egeon-login1.cptec.inpe.br [server(33,5) : *Large* scale changes(5) :NEWS]
MSG:[16:59:10 3.6.2024] --sync=0 1 0 :monan@egeon-login1.cptec.inpe.br
MSG:[17:00:09 3.6.2024] --news=0 33 5 :monan@egeon-login1.cptec.inpe.br [:NO_NEWS]
